<?xml version="1.0" encoding="UTF-8"?>
<!-- Generated by org.testng.reporters.JUnitReportReporter -->
<testsuite hostname="WSAMZN-0L7O9Q8V" failures="0" tests="6" name="shopping_cart.BaseTest" time="85.544" errors="0" timestamp="20 May 2021 13:05:36 GMT" skipped="0">
  <testcase classname="shopping_cart.BaseTest" name="Scenario1" time="10.674"/>
  <testcase classname="shopping_cart.BaseTest" name="Scenario1" time="11.245"/>
  <testcase classname="shopping_cart.BaseTest" name="Scenario1" time="10.273"/>
  <testcase classname="shopping_cart.BaseTest" name="Scenario2" time="30.657"/>
  <testcase classname="shopping_cart.BaseTest" name="Scenario2" time="13.003"/>
  <testcase classname="shopping_cart.BaseTest" name="Scenario2" time="9.692"/>
</testsuite> <!-- shopping_cart.BaseTest -->
