<?xml version="1.0" encoding="UTF-8"?>
<!-- Generated by org.testng.reporters.JUnitReportReporter -->
<testsuite hostname="WSAMZN-0L7O9Q8V" failures="0" tests="6" name="shopping_cart.BrowserStack" time="88.534" errors="0" timestamp="22 May 2021 15:29:44 GMT" skipped="0">
  <testcase classname="shopping_cart.BrowserStack" name="Scenario1" time="14.721"/>
  <testcase classname="shopping_cart.BrowserStack" name="Scenario1" time="13.067"/>
  <testcase classname="shopping_cart.BrowserStack" name="Scenario1" time="11.868"/>
  <testcase classname="shopping_cart.BrowserStack" name="Scenario2" time="25.376"/>
  <testcase classname="shopping_cart.BrowserStack" name="Scenario2" time="11.246"/>
  <testcase classname="shopping_cart.BrowserStack" name="Scenario2" time="12.256"/>
</testsuite> <!-- shopping_cart.BrowserStack -->
