<?xml version="1.0" encoding="UTF-8"?>
<!-- Generated by org.testng.reporters.JUnitReportReporter -->
<testsuite hostname="WSAMZN-0L7O9Q8V" failures="0" tests="6" name="shopping_cart.BrowserStack" time="93.594" errors="0" timestamp="21 May 2021 01:51:27 GMT" skipped="0">
  <testcase classname="shopping_cart.BrowserStack" name="Scenario1" time="9.814"/>
  <testcase classname="shopping_cart.BrowserStack" name="Scenario1" time="24.837"/>
  <testcase classname="shopping_cart.BrowserStack" name="Scenario1" time="11.508"/>
  <testcase classname="shopping_cart.BrowserStack" name="Scenario2" time="15.099"/>
  <testcase classname="shopping_cart.BrowserStack" name="Scenario2" time="21.234"/>
  <testcase classname="shopping_cart.BrowserStack" name="Scenario2" time="11.102"/>
</testsuite> <!-- shopping_cart.BrowserStack -->
