<?xml version="1.0" encoding="UTF-8"?>
<!-- Generated by org.testng.reporters.JUnitReportReporter -->
<testsuite hostname="WSAMZN-0L7O9Q8V" failures="0" tests="6" name="shopping_cart.LocalTest_MultipleBrowser" time="7.671" errors="0" timestamp="22 May 2021 15:26:17 GMT" skipped="0">
  <testcase classname="shopping_cart.LocalTest_MultipleBrowser" name="Scenario1" time="1.003"/>
  <testcase classname="shopping_cart.LocalTest_MultipleBrowser" name="Scenario1" time="1.620"/>
  <testcase classname="shopping_cart.LocalTest_MultipleBrowser" name="Scenario1" time="0.929"/>
  <testcase classname="shopping_cart.LocalTest_MultipleBrowser" name="Scenario2" time="2.319"/>
  <testcase classname="shopping_cart.LocalTest_MultipleBrowser" name="Scenario2" time="0.949"/>
  <testcase classname="shopping_cart.LocalTest_MultipleBrowser" name="Scenario2" time="0.851"/>
</testsuite> <!-- shopping_cart.LocalTest_MultipleBrowser -->
